<?xml version="1.0" encoding="UTF-8"?>
<!-- Generated by org.testng.reporters.JUnitReportReporter -->
<testsuite skipped="0" hostname="BRILAP2530" name="Cartus_code" tests="1" failures="0" timestamp="29 Jun 2021 11:02:43 GMT" time="1.099" errors="0">
  <testcase name="TestCase" time="1.099" classname="Cartus_code"/>
</testsuite> <!-- Cartus_code -->
